<?xml version="1.0" encoding="UTF-8"?>
<coverage generated="1763651308370" clover="3.2.0">
  <project timestamp="1763651308370" name="All files">
    <metrics statements="84" coveredstatements="77" conditionals="45" coveredconditionals="41" methods="12" coveredmethods="11" elements="141" coveredelements="129" complexity="0" loc="84" ncloc="84" packages="2" files="8" classes="8"/>
    <package name="data">
      <metrics statements="9" coveredstatements="8" conditionals="0" coveredconditionals="0" methods="2" coveredmethods="1"/>
      <file name="constants.js" path="/Users/rookiedev25/Developer/code/projects/traffic-violation-system-app/my-solution/src/data/constants.js">
        <metrics statements="3" coveredstatements="3" conditionals="0" coveredconditionals="0" methods="0" coveredmethods="0"/>
        <line num="4" count="4" type="stmt"/>
        <line num="7" count="4" type="stmt"/>
        <line num="15" count="4" type="stmt"/>
      </file>
      <file name="reportViolationDatabase.js" path="/Users/rookiedev25/Developer/code/projects/traffic-violation-system-app/my-solution/src/data/reportViolationDatabase.js">
        <metrics statements="5" coveredstatements="4" conditionals="0" coveredconditionals="0" methods="2" coveredmethods="1"/>
        <line num="3" count="1" type="stmt"/>
        <line num="6" count="1" type="stmt"/>
        <line num="7" count="30" type="stmt"/>
        <line num="11" count="1" type="stmt"/>
        <line num="12" count="0" type="stmt"/>
      </file>
      <file name="vehicleDatabase.js" path="/Users/rookiedev25/Developer/code/projects/traffic-violation-system-app/my-solution/src/data/vehicleDatabase.js">
        <metrics statements="1" coveredstatements="1" conditionals="0" coveredconditionals="0" methods="0" coveredmethods="0"/>
        <line num="2" count="1" type="stmt"/>
      </file>
    </package>
    <package name="services">
      <metrics statements="75" coveredstatements="69" conditionals="45" coveredconditionals="41" methods="10" coveredmethods="10"/>
      <file name="fineCalculatorService.js" path="/Users/rookiedev25/Developer/code/projects/traffic-violation-system-app/my-solution/src/services/fineCalculatorService.js">
        <metrics statements="11" coveredstatements="9" conditionals="11" coveredconditionals="9" methods="1" coveredmethods="1"/>
        <line num="4" count="2" type="stmt"/>
        <line num="6" count="45" type="cond" truecount="4" falsecount="1"/>
        <line num="7" count="0" type="stmt"/>
        <line num="11" count="45" type="cond" truecount="1" falsecount="1"/>
        <line num="12" count="0" type="stmt"/>
        <line num="18" count="45" type="cond" truecount="2" falsecount="0"/>
        <line num="19" count="18" type="stmt"/>
        <line num="23" count="27" type="stmt"/>
        <line num="26" count="27" type="cond" truecount="2" falsecount="0"/>
        <line num="27" count="6" type="stmt"/>
        <line num="32" count="21" type="stmt"/>
      </file>
      <file name="speedCalculatorService.js" path="/Users/rookiedev25/Developer/code/projects/traffic-violation-system-app/my-solution/src/services/speedCalculatorService.js">
        <metrics statements="13" coveredstatements="13" conditionals="15" coveredconditionals="15" methods="1" coveredmethods="1"/>
        <line num="5" count="2" type="stmt"/>
        <line num="11" count="64" type="cond" truecount="4" falsecount="0"/>
        <line num="12" count="5" type="stmt"/>
        <line num="16" count="59" type="cond" truecount="4" falsecount="0"/>
        <line num="17" count="1" type="stmt"/>
        <line num="21" count="58" type="cond" truecount="4" falsecount="0"/>
        <line num="22" count="2" type="stmt"/>
        <line num="26" count="56" type="stmt"/>
        <line num="29" count="56" type="cond" truecount="2" falsecount="0"/>
        <line num="30" count="1" type="stmt"/>
        <line num="34" count="55" type="stmt"/>
        <line num="37" count="55" type="stmt"/>
        <line num="39" count="55" type="stmt"/>
      </file>
      <file name="speedLimitService.js" path="/Users/rookiedev25/Developer/code/projects/traffic-violation-system-app/my-solution/src/services/speedLimitService.js">
        <metrics statements="8" coveredstatements="8" conditionals="7" coveredconditionals="7" methods="2" coveredmethods="2"/>
        <line num="8" count="2" type="stmt"/>
        <line num="10" count="60" type="cond" truecount="5" falsecount="0"/>
        <line num="11" count="2" type="stmt"/>
        <line num="15" count="58" type="stmt"/>
        <line num="16" count="320" type="stmt"/>
        <line num="20" count="58" type="cond" truecount="2" falsecount="0"/>
        <line num="21" count="16" type="stmt"/>
        <line num="25" count="42" type="stmt"/>
      </file>
      <file name="trafficProcessorService.js" path="/Users/rookiedev25/Developer/code/projects/traffic-violation-system-app/my-solution/src/services/trafficProcessorService.js">
        <metrics statements="35" coveredstatements="33" conditionals="4" coveredconditionals="4" methods="5" coveredmethods="5"/>
        <line num="15" count="1" type="stmt"/>
        <line num="16" count="53" type="stmt"/>
        <line num="18" count="53" type="stmt"/>
        <line num="24" count="50" type="stmt"/>
        <line num="27" count="35" type="stmt"/>
        <line num="30" count="35" type="stmt"/>
        <line num="36" count="30" type="stmt"/>
        <line num="50" count="30" type="stmt"/>
        <line num="52" count="30" type="stmt"/>
        <line num="54" count="23" type="stmt"/>
        <line num="55" count="23" type="stmt"/>
        <line num="59" count="1" type="stmt"/>
        <line num="60" count="5" type="stmt"/>
        <line num="61" count="5" type="stmt"/>
        <line num="64" count="5" type="stmt"/>
        <line num="67" count="5" type="stmt"/>
        <line num="69" count="50" type="stmt"/>
        <line num="71" count="50" type="cond" truecount="2" falsecount="0"/>
        <line num="72" count="30" type="stmt"/>
        <line num="78" count="5" type="stmt"/>
        <line num="79" count="30" type="stmt"/>
        <line num="81" count="5" type="stmt"/>
        <line num="82" count="30" type="stmt"/>
        <line num="83" count="30" type="stmt"/>
        <line num="86" count="5" type="stmt"/>
        <line num="87" count="5" type="stmt"/>
        <line num="88" count="5" type="stmt"/>
        <line num="89" count="5" type="stmt"/>
        <line num="90" count="5" type="stmt"/>
        <line num="91" count="5" type="stmt"/>
        <line num="94" count="5" type="stmt"/>
        <line num="95" count="5" type="stmt"/>
        <line num="97" count="5" type="stmt"/>
        <line num="99" count="0" type="stmt"/>
        <line num="100" count="0" type="stmt"/>
      </file>
      <file name="violationDetectorService.js" path="/Users/rookiedev25/Developer/code/projects/traffic-violation-system-app/my-solution/src/services/violationDetectorService.js">
        <metrics statements="8" coveredstatements="6" conditionals="8" coveredconditionals="6" methods="1" coveredmethods="1"/>
        <line num="4" count="2" type="stmt"/>
        <line num="6" count="43" type="cond" truecount="3" falsecount="1"/>
        <line num="7" count="0" type="stmt"/>
        <line num="10" count="43" type="cond" truecount="3" falsecount="1"/>
        <line num="11" count="0" type="stmt"/>
        <line num="15" count="43" type="stmt"/>
        <line num="16" count="43" type="stmt"/>
        <line num="18" count="43" type="stmt"/>
      </file>
    </package>
  </project>
</coverage>
