{"/Users/rookiedev25/Developer/code/projects/traffic-violation-system-app/my-solution/src/data/constants.js": {"path":"/Users/rookiedev25/Developer/code/projects/traffic-violation-system-app/my-solution/src/data/constants.js","statementMap":{"0":{"start":{"line":4,"column":36},"end":{"line":4,"column":40}},"1":{"start":{"line":7,"column":32},"end":{"line":12,"column":1}},"2":{"start":{"line":15,"column":35},"end":{"line":26,"column":1}}},"fnMap":{},"branchMap":{},"s":{"0":4,"1":4,"2":4},"f":{},"b":{},"_coverageSchema":"1a1c01bbd47fc00a2c39e90264f33305004495a9","hash":"b72893528be1be8c5a166e332a6ecb073d8f4cd1"}
,"/Users/rookiedev25/Developer/code/projects/traffic-violation-system-app/my-solution/src/data/reportViolationDatabase.js": {"path":"/Users/rookiedev25/Developer/code/projects/traffic-violation-system-app/my-solution/src/data/reportViolationDatabase.js","statementMap":{"0":{"start":{"line":3,"column":37},"end":{"line":3,"column":39}},"1":{"start":{"line":6,"column":34},"end":{"line":8,"column":1}},"2":{"start":{"line":7,"column":4},"end":{"line":7,"column":41}},"3":{"start":{"line":11,"column":35},"end":{"line":13,"column":1}},"4":{"start":{"line":12,"column":4},"end":{"line":12,"column":33}}},"fnMap":{"0":{"name":"(anonymous_0)","decl":{"start":{"line":6,"column":34},"end":{"line":6,"column":35}},"loc":{"start":{"line":6,"column":46},"end":{"line":8,"column":1}},"line":6},"1":{"name":"(anonymous_1)","decl":{"start":{"line":11,"column":35},"end":{"line":11,"column":36}},"loc":{"start":{"line":11,"column":41},"end":{"line":13,"column":1}},"line":11}},"branchMap":{},"s":{"0":1,"1":1,"2":30,"3":1,"4":0},"f":{"0":30,"1":0},"b":{},"_coverageSchema":"1a1c01bbd47fc00a2c39e90264f33305004495a9","hash":"c6057f2b91e3de2f0fac299e1f637eb997bab01a"}
,"/Users/rookiedev25/Developer/code/projects/traffic-violation-system-app/my-solution/src/data/vehicleDatabase.js": {"path":"/Users/rookiedev25/Developer/code/projects/traffic-violation-system-app/my-solution/src/data/vehicleDatabase.js","statementMap":{"0":{"start":{"line":2,"column":31},"end":{"line":103,"column":1}}},"fnMap":{},"branchMap":{},"s":{"0":1},"f":{},"b":{},"_coverageSchema":"1a1c01bbd47fc00a2c39e90264f33305004495a9","hash":"39e2d202cfa9d51745492918762c5afb6a0cb37c"}
,"/Users/rookiedev25/Developer/code/projects/traffic-violation-system-app/my-solution/src/services/fineCalculatorService.js": {"path":"/Users/rookiedev25/Developer/code/projects/traffic-violation-system-app/my-solution/src/services/fineCalculatorService.js","statementMap":{"0":{"start":{"line":4,"column":29},"end":{"line":33,"column":1}},"1":{"start":{"line":6,"column":2},"end":{"line":10,"column":3}},"2":{"start":{"line":7,"column":4},"end":{"line":9,"column":6}},"3":{"start":{"line":11,"column":2},"end":{"line":15,"column":3}},"4":{"start":{"line":12,"column":4},"end":{"line":14,"column":6}},"5":{"start":{"line":18,"column":2},"end":{"line":20,"column":3}},"6":{"start":{"line":19,"column":4},"end":{"line":19,"column":13}},"7":{"start":{"line":23,"column":15},"end":{"line":23,"column":58}},"8":{"start":{"line":26,"column":2},"end":{"line":30,"column":3}},"9":{"start":{"line":27,"column":4},"end":{"line":29,"column":6}},"10":{"start":{"line":32,"column":2},"end":{"line":32,"column":14}}},"fnMap":{"0":{"name":"(anonymous_0)","decl":{"start":{"line":4,"column":29},"end":{"line":4,"column":30}},"loc":{"start":{"line":4,"column":58},"end":{"line":33,"column":1}},"line":4}},"branchMap":{"0":{"loc":{"start":{"line":6,"column":2},"end":{"line":10,"column":3}},"type":"if","locations":[{"start":{"line":6,"column":2},"end":{"line":10,"column":3}},{"start":{},"end":{}}],"line":6},"1":{"loc":{"start":{"line":6,"column":6},"end":{"line":6,"column":69}},"type":"binary-expr","locations":[{"start":{"line":6,"column":6},"end":{"line":6,"column":18}},{"start":{"line":6,"column":22},"end":{"line":6,"column":40}},{"start":{"line":6,"column":44},"end":{"line":6,"column":69}}],"line":6},"2":{"loc":{"start":{"line":11,"column":2},"end":{"line":15,"column":3}},"type":"if","locations":[{"start":{"line":11,"column":2},"end":{"line":15,"column":3}},{"start":{},"end":{}}],"line":11},"3":{"loc":{"start":{"line":18,"column":2},"end":{"line":20,"column":3}},"type":"if","locations":[{"start":{"line":18,"column":2},"end":{"line":20,"column":3}},{"start":{},"end":{}}],"line":18},"4":{"loc":{"start":{"line":26,"column":2},"end":{"line":30,"column":3}},"type":"if","locations":[{"start":{"line":26,"column":2},"end":{"line":30,"column":3}},{"start":{},"end":{}}],"line":26}},"s":{"0":2,"1":45,"2":0,"3":45,"4":0,"5":45,"6":18,"7":27,"8":27,"9":6,"10":21},"f":{"0":45},"b":{"0":[0,45],"1":[45,45,45],"2":[0,45],"3":[18,27],"4":[6,21]},"_coverageSchema":"1a1c01bbd47fc00a2c39e90264f33305004495a9","hash":"1fad4f8267484a0b224c6421761b760fb86c3a91"}
,"/Users/rookiedev25/Developer/code/projects/traffic-violation-system-app/my-solution/src/services/speedCalculatorService.js": {"path":"/Users/rookiedev25/Developer/code/projects/traffic-violation-system-app/my-solution/src/services/speedCalculatorService.js","statementMap":{"0":{"start":{"line":5,"column":44},"end":{"line":40,"column":1}},"1":{"start":{"line":11,"column":2},"end":{"line":13,"column":3}},"2":{"start":{"line":12,"column":4},"end":{"line":12,"column":96}},"3":{"start":{"line":16,"column":2},"end":{"line":18,"column":3}},"4":{"start":{"line":17,"column":4},"end":{"line":17,"column":89}},"5":{"start":{"line":21,"column":2},"end":{"line":23,"column":3}},"6":{"start":{"line":22,"column":4},"end":{"line":22,"column":92}},"7":{"start":{"line":26,"column":24},"end":{"line":26,"column":66}},"8":{"start":{"line":29,"column":2},"end":{"line":31,"column":3}},"9":{"start":{"line":30,"column":4},"end":{"line":30,"column":118}},"10":{"start":{"line":34,"column":16},"end":{"line":34,"column":48}},"11":{"start":{"line":37,"column":27},"end":{"line":37,"column":38}},"12":{"start":{"line":39,"column":2},"end":{"line":39,"column":50}}},"fnMap":{"0":{"name":"(anonymous_0)","decl":{"start":{"line":5,"column":44},"end":{"line":5,"column":45}},"loc":{"start":{"line":9,"column":5},"end":{"line":40,"column":1}},"line":9}},"branchMap":{"0":{"loc":{"start":{"line":8,"column":2},"end":{"line":8,"column":41}},"type":"default-arg","locations":[{"start":{"line":8,"column":21},"end":{"line":8,"column":41}}],"line":8},"1":{"loc":{"start":{"line":11,"column":2},"end":{"line":13,"column":3}},"type":"if","locations":[{"start":{"line":11,"column":2},"end":{"line":13,"column":3}},{"start":{},"end":{}}],"line":11},"2":{"loc":{"start":{"line":11,"column":6},"end":{"line":11,"column":32}},"type":"binary-expr","locations":[{"start":{"line":11,"column":6},"end":{"line":11,"column":17}},{"start":{"line":11,"column":21},"end":{"line":11,"column":32}}],"line":11},"3":{"loc":{"start":{"line":16,"column":2},"end":{"line":18,"column":3}},"type":"if","locations":[{"start":{"line":16,"column":2},"end":{"line":18,"column":3}},{"start":{},"end":{}}],"line":16},"4":{"loc":{"start":{"line":16,"column":6},"end":{"line":16,"column":68}},"type":"binary-expr","locations":[{"start":{"line":16,"column":6},"end":{"line":16,"column":35}},{"start":{"line":16,"column":39},"end":{"line":16,"column":68}}],"line":16},"5":{"loc":{"start":{"line":21,"column":2},"end":{"line":23,"column":3}},"type":"if","locations":[{"start":{"line":21,"column":2},"end":{"line":23,"column":3}},{"start":{},"end":{}}],"line":21},"6":{"loc":{"start":{"line":21,"column":6},"end":{"line":21,"column":48}},"type":"binary-expr","locations":[{"start":{"line":21,"column":6},"end":{"line":21,"column":23}},{"start":{"line":21,"column":27},"end":{"line":21,"column":48}}],"line":21},"7":{"loc":{"start":{"line":29,"column":2},"end":{"line":31,"column":3}},"type":"if","locations":[{"start":{"line":29,"column":2},"end":{"line":31,"column":3}},{"start":{},"end":{}}],"line":29}},"s":{"0":2,"1":64,"2":5,"3":59,"4":1,"5":58,"6":2,"7":56,"8":56,"9":1,"10":55,"11":55,"12":55},"f":{"0":64},"b":{"0":[61],"1":[5,59],"2":[64,60],"3":[1,58],"4":[59,58],"5":[2,56],"6":[58,57],"7":[1,55]},"_coverageSchema":"1a1c01bbd47fc00a2c39e90264f33305004495a9","hash":"03306dc3652c9ee63b2ee201ecdc6f4cd30f10f3"}
,"/Users/rookiedev25/Developer/code/projects/traffic-violation-system-app/my-solution/src/services/speedLimitService.js": {"path":"/Users/rookiedev25/Developer/code/projects/traffic-violation-system-app/my-solution/src/services/speedLimitService.js","statementMap":{"0":{"start":{"line":8,"column":29},"end":{"line":26,"column":1}},"1":{"start":{"line":10,"column":2},"end":{"line":12,"column":3}},"2":{"start":{"line":11,"column":4},"end":{"line":11,"column":48}},"3":{"start":{"line":15,"column":32},"end":{"line":17,"column":4}},"4":{"start":{"line":16,"column":4},"end":{"line":16,"column":66}},"5":{"start":{"line":20,"column":2},"end":{"line":24,"column":3}},"6":{"start":{"line":21,"column":4},"end":{"line":23,"column":6}},"7":{"start":{"line":25,"column":2},"end":{"line":25,"column":37}}},"fnMap":{"0":{"name":"(anonymous_0)","decl":{"start":{"line":8,"column":29},"end":{"line":8,"column":30}},"loc":{"start":{"line":8,"column":43},"end":{"line":26,"column":1}},"line":8},"1":{"name":"(anonymous_1)","decl":{"start":{"line":15,"column":57},"end":{"line":15,"column":58}},"loc":{"start":{"line":15,"column":67},"end":{"line":17,"column":3}},"line":15}},"branchMap":{"0":{"loc":{"start":{"line":10,"column":2},"end":{"line":12,"column":3}},"type":"if","locations":[{"start":{"line":10,"column":2},"end":{"line":12,"column":3}},{"start":{},"end":{}}],"line":10},"1":{"loc":{"start":{"line":10,"column":6},"end":{"line":10,"column":61}},"type":"binary-expr","locations":[{"start":{"line":10,"column":6},"end":{"line":10,"column":15}},{"start":{"line":10,"column":19},"end":{"line":10,"column":36}},{"start":{"line":10,"column":40},"end":{"line":10,"column":61}}],"line":10},"2":{"loc":{"start":{"line":20,"column":2},"end":{"line":24,"column":3}},"type":"if","locations":[{"start":{"line":20,"column":2},"end":{"line":24,"column":3}},{"start":{},"end":{}}],"line":20}},"s":{"0":2,"1":60,"2":2,"3":58,"4":320,"5":58,"6":16,"7":42},"f":{"0":60,"1":320},"b":{"0":[2,58],"1":[60,58,58],"2":[16,42]},"_coverageSchema":"1a1c01bbd47fc00a2c39e90264f33305004495a9","hash":"48432fb7ba0f60bf6ce4d66e909d499d76d2d11b"}
,"/Users/rookiedev25/Developer/code/projects/traffic-violation-system-app/my-solution/src/services/trafficProcessorService.js": {"path":"/Users/rookiedev25/Developer/code/projects/traffic-violation-system-app/my-solution/src/services/trafficProcessorService.js","statementMap":{"0":{"start":{"line":15,"column":36},"end":{"line":57,"column":1}},"1":{"start":{"line":16,"column":2},"end":{"line":56,"column":3}},"2":{"start":{"line":18,"column":24},"end":{"line":21,"column":5}},"3":{"start":{"line":24,"column":23},"end":{"line":24,"column":60}},"4":{"start":{"line":27,"column":28},"end":{"line":27,"column":67}},"5":{"start":{"line":30,"column":33},"end":{"line":33,"column":5}},"6":{"start":{"line":36,"column":19},"end":{"line":47,"column":5}},"7":{"start":{"line":50,"column":4},"end":{"line":50,"column":31}},"8":{"start":{"line":52,"column":4},"end":{"line":52,"column":18}},"9":{"start":{"line":54,"column":4},"end":{"line":54,"column":63}},"10":{"start":{"line":55,"column":4},"end":{"line":55,"column":16}},"11":{"start":{"line":59,"column":34},"end":{"line":102,"column":1}},"12":{"start":{"line":60,"column":2},"end":{"line":101,"column":3}},"13":{"start":{"line":61,"column":4},"end":{"line":61,"column":59}},"14":{"start":{"line":64,"column":20},"end":{"line":64,"column":22}},"15":{"start":{"line":67,"column":4},"end":{"line":74,"column":7}},"16":{"start":{"line":69,"column":21},"end":{"line":69,"column":50}},"17":{"start":{"line":71,"column":6},"end":{"line":73,"column":7}},"18":{"start":{"line":72,"column":8},"end":{"line":72,"column":29}},"19":{"start":{"line":78,"column":31},"end":{"line":80,"column":6}},"20":{"start":{"line":79,"column":6},"end":{"line":79,"column":35}},"21":{"start":{"line":81,"column":22},"end":{"line":84,"column":9}},"22":{"start":{"line":82,"column":6},"end":{"line":82,"column":35}},"23":{"start":{"line":83,"column":6},"end":{"line":83,"column":17}},"24":{"start":{"line":86,"column":4},"end":{"line":86,"column":39}},"25":{"start":{"line":87,"column":4},"end":{"line":87,"column":37}},"26":{"start":{"line":88,"column":4},"end":{"line":88,"column":32}},"27":{"start":{"line":89,"column":4},"end":{"line":89,"column":63}},"28":{"start":{"line":90,"column":4},"end":{"line":90,"column":66}},"29":{"start":{"line":91,"column":4},"end":{"line":93,"column":6}},"30":{"start":{"line":94,"column":4},"end":{"line":94,"column":52}},"31":{"start":{"line":95,"column":4},"end":{"line":95,"column":32}},"32":{"start":{"line":97,"column":4},"end":{"line":97,"column":19}},"33":{"start":{"line":99,"column":4},"end":{"line":99,"column":66}},"34":{"start":{"line":100,"column":4},"end":{"line":100,"column":14}}},"fnMap":{"0":{"name":"(anonymous_0)","decl":{"start":{"line":15,"column":36},"end":{"line":15,"column":37}},"loc":{"start":{"line":15,"column":55},"end":{"line":57,"column":1}},"line":15},"1":{"name":"(anonymous_1)","decl":{"start":{"line":59,"column":34},"end":{"line":59,"column":35}},"loc":{"start":{"line":59,"column":40},"end":{"line":102,"column":1}},"line":59},"2":{"name":"(anonymous_2)","decl":{"start":{"line":67,"column":28},"end":{"line":67,"column":29}},"loc":{"start":{"line":67,"column":41},"end":{"line":74,"column":5}},"line":67},"3":{"name":"(anonymous_3)","decl":{"start":{"line":78,"column":46},"end":{"line":78,"column":47}},"loc":{"start":{"line":78,"column":62},"end":{"line":80,"column":5}},"line":78},"4":{"name":"(anonymous_4)","decl":{"start":{"line":81,"column":37},"end":{"line":81,"column":38}},"loc":{"start":{"line":81,"column":53},"end":{"line":84,"column":5}},"line":81}},"branchMap":{"0":{"loc":{"start":{"line":45,"column":14},"end":{"line":45,"column":68}},"type":"cond-expr","locations":[{"start":{"line":45,"column":43},"end":{"line":45,"column":54}},{"start":{"line":45,"column":57},"end":{"line":45,"column":68}}],"line":45},"1":{"loc":{"start":{"line":71,"column":6},"end":{"line":73,"column":7}},"type":"if","locations":[{"start":{"line":71,"column":6},"end":{"line":73,"column":7}},{"start":{},"end":{}}],"line":71}},"s":{"0":1,"1":53,"2":53,"3":50,"4":35,"5":35,"6":30,"7":30,"8":30,"9":23,"10":23,"11":1,"12":5,"13":5,"14":5,"15":5,"16":50,"17":50,"18":30,"19":5,"20":30,"21":5,"22":30,"23":30,"24":5,"25":5,"26":5,"27":5,"28":5,"29":5,"30":5,"31":5,"32":5,"33":0,"34":0},"f":{"0":53,"1":5,"2":50,"3":30,"4":30},"b":{"0":[15,15],"1":[30,20]},"_coverageSchema":"1a1c01bbd47fc00a2c39e90264f33305004495a9","hash":"7346755be760ce5d852628064dc75656e7879cfb"}
,"/Users/rookiedev25/Developer/code/projects/traffic-violation-system-app/my-solution/src/services/violationDetectorService.js": {"path":"/Users/rookiedev25/Developer/code/projects/traffic-violation-system-app/my-solution/src/services/violationDetectorService.js","statementMap":{"0":{"start":{"line":4,"column":30},"end":{"line":22,"column":1}},"1":{"start":{"line":6,"column":2},"end":{"line":8,"column":3}},"2":{"start":{"line":7,"column":4},"end":{"line":7,"column":43}},"3":{"start":{"line":10,"column":2},"end":{"line":12,"column":3}},"4":{"start":{"line":11,"column":4},"end":{"line":11,"column":45}},"5":{"start":{"line":15,"column":21},"end":{"line":15,"column":46}},"6":{"start":{"line":16,"column":26},"end":{"line":16,"column":77}},"7":{"start":{"line":18,"column":2},"end":{"line":21,"column":4}}},"fnMap":{"0":{"name":"(anonymous_0)","decl":{"start":{"line":4,"column":30},"end":{"line":4,"column":31}},"loc":{"start":{"line":4,"column":60},"end":{"line":22,"column":1}},"line":4}},"branchMap":{"0":{"loc":{"start":{"line":6,"column":2},"end":{"line":8,"column":3}},"type":"if","locations":[{"start":{"line":6,"column":2},"end":{"line":8,"column":3}},{"start":{},"end":{}}],"line":6},"1":{"loc":{"start":{"line":6,"column":6},"end":{"line":6,"column":36}},"type":"binary-expr","locations":[{"start":{"line":6,"column":6},"end":{"line":6,"column":17}},{"start":{"line":6,"column":21},"end":{"line":6,"column":36}}],"line":6},"2":{"loc":{"start":{"line":10,"column":2},"end":{"line":12,"column":3}},"type":"if","locations":[{"start":{"line":10,"column":2},"end":{"line":12,"column":3}},{"start":{},"end":{}}],"line":10},"3":{"loc":{"start":{"line":10,"column":6},"end":{"line":10,"column":40}},"type":"binary-expr","locations":[{"start":{"line":10,"column":6},"end":{"line":10,"column":19}},{"start":{"line":10,"column":23},"end":{"line":10,"column":40}}],"line":10}},"s":{"0":2,"1":43,"2":0,"3":43,"4":0,"5":43,"6":43,"7":43},"f":{"0":43},"b":{"0":[0,43],"1":[43,43],"2":[0,43],"3":[43,43]},"_coverageSchema":"1a1c01bbd47fc00a2c39e90264f33305004495a9","hash":"363ab365152e0d6ca7c9bf1c79b2c7900b3cacc2"}
}
