TN:
SF:src/data/constants.js
FNF:0
FNH:0
DA:4,4
DA:7,4
DA:15,4
LF:3
LH:3
BRF:0
BRH:0
end_of_record
TN:
SF:src/data/reportViolationDatabase.js
FN:6,(anonymous_0)
FN:11,(anonymous_1)
FNF:2
FNH:1
FNDA:30,(anonymous_0)
FNDA:0,(anonymous_1)
DA:3,1
DA:6,1
DA:7,30
DA:11,1
DA:12,0
LF:5
LH:4
BRF:0
BRH:0
end_of_record
TN:
SF:src/data/vehicleDatabase.js
FNF:0
FNH:0
DA:2,1
LF:1
LH:1
BRF:0
BRH:0
end_of_record
TN:
SF:src/services/fineCalculatorService.js
FN:4,(anonymous_0)
FNF:1
FNH:1
FNDA:45,(anonymous_0)
DA:4,2
DA:6,45
DA:7,0
DA:11,45
DA:12,0
DA:18,45
DA:19,18
DA:23,27
DA:26,27
DA:27,6
DA:32,21
LF:11
LH:9
BRDA:6,0,0,0
BRDA:6,0,1,45
BRDA:6,1,0,45
BRDA:6,1,1,45
BRDA:6,1,2,45
BRDA:11,2,0,0
BRDA:11,2,1,45
BRDA:18,3,0,18
BRDA:18,3,1,27
BRDA:26,4,0,6
BRDA:26,4,1,21
BRF:11
BRH:9
end_of_record
TN:
SF:src/services/speedCalculatorService.js
FN:5,(anonymous_0)
FNF:1
FNH:1
FNDA:64,(anonymous_0)
DA:5,2
DA:11,64
DA:12,5
DA:16,59
DA:17,1
DA:21,58
DA:22,2
DA:26,56
DA:29,56
DA:30,1
DA:34,55
DA:37,55
DA:39,55
LF:13
LH:13
BRDA:8,0,0,61
BRDA:11,1,0,5
BRDA:11,1,1,59
BRDA:11,2,0,64
BRDA:11,2,1,60
BRDA:16,3,0,1
BRDA:16,3,1,58
BRDA:16,4,0,59
BRDA:16,4,1,58
BRDA:21,5,0,2
BRDA:21,5,1,56
BRDA:21,6,0,58
BRDA:21,6,1,57
BRDA:29,7,0,1
BRDA:29,7,1,55
BRF:15
BRH:15
end_of_record
TN:
SF:src/services/speedLimitService.js
FN:8,(anonymous_0)
FN:15,(anonymous_1)
FNF:2
FNH:2
FNDA:60,(anonymous_0)
FNDA:320,(anonymous_1)
DA:8,2
DA:10,60
DA:11,2
DA:15,58
DA:16,320
DA:20,58
DA:21,16
DA:25,42
LF:8
LH:8
BRDA:10,0,0,2
BRDA:10,0,1,58
BRDA:10,1,0,60
BRDA:10,1,1,58
BRDA:10,1,2,58
BRDA:20,2,0,16
BRDA:20,2,1,42
BRF:7
BRH:7
end_of_record
TN:
SF:src/services/trafficProcessorService.js
FN:15,(anonymous_0)
FN:59,(anonymous_1)
FN:67,(anonymous_2)
FN:78,(anonymous_3)
FN:81,(anonymous_4)
FNF:5
FNH:5
FNDA:53,(anonymous_0)
FNDA:5,(anonymous_1)
FNDA:50,(anonymous_2)
FNDA:30,(anonymous_3)
FNDA:30,(anonymous_4)
DA:15,1
DA:16,53
DA:18,53
DA:24,50
DA:27,35
DA:30,35
DA:36,30
DA:50,30
DA:52,30
DA:54,23
DA:55,23
DA:59,1
DA:60,5
DA:61,5
DA:64,5
DA:67,5
DA:69,50
DA:71,50
DA:72,30
DA:78,5
DA:79,30
DA:81,5
DA:82,30
DA:83,30
DA:86,5
DA:87,5
DA:88,5
DA:89,5
DA:90,5
DA:91,5
DA:94,5
DA:95,5
DA:97,5
DA:99,0
DA:100,0
LF:35
LH:33
BRDA:45,0,0,15
BRDA:45,0,1,15
BRDA:71,1,0,30
BRDA:71,1,1,20
BRF:4
BRH:4
end_of_record
TN:
SF:src/services/violationDetectorService.js
FN:4,(anonymous_0)
FNF:1
FNH:1
FNDA:43,(anonymous_0)
DA:4,2
DA:6,43
DA:7,0
DA:10,43
DA:11,0
DA:15,43
DA:16,43
DA:18,43
LF:8
LH:6
BRDA:6,0,0,0
BRDA:6,0,1,43
BRDA:6,1,0,43
BRDA:6,1,1,43
BRDA:10,2,0,0
BRDA:10,2,1,43
BRDA:10,3,0,43
BRDA:10,3,1,43
BRF:8
BRH:6
end_of_record
